FurySky3/app/build/outputs/logs/manifest-merger-debug-report.txt
-- Merging decision tree log ---
manifest
ADDED from src/main/AndroidManifest.xml:2:1-81:12
	package
		ADDED from src/main/AndroidManifest.xml:3:7-42
		INJECTED from src/main/AndroidManifest.xml
		INJECTED from src/main/AndroidManifest.xml
	android:versionName
		ADDED from src/main/AndroidManifest.xml:5:7-32
		INJECTED from src/main/AndroidManifest.xml
		INJECTED from src/main/AndroidManifest.xml
	android:versionCode
		ADDED from src/main/AndroidManifest.xml:4:7-30
		INJECTED from src/main/AndroidManifest.xml
		INJECTED from src/main/AndroidManifest.xml
	xmlns:android
		ADDED from src/main/AndroidManifest.xml:2:11-69
application
ADDED from src/main/AndroidManifest.xml:7:5-80:19
	android:label
		ADDED from src/main/AndroidManifest.xml:7:18-50
	android:allowBackup
		ADDED from src/main/AndroidManifest.xml:7:88-114
	android:icon
		ADDED from src/main/AndroidManifest.xml:7:51-87
activity#com.click.studios.furysky.MainActivity
ADDED from src/main/AndroidManifest.xml:9:9-17:20
	android:screenOrientation
		ADDED from src/main/AndroidManifest.xml:11:19-55
	android:label
		ADDED from src/main/AndroidManifest.xml:10:19-51
	android:name
		ADDED from src/main/AndroidManifest.xml:9:19-46
intent-filter#android.intent.action.MAIN+android.intent.category.LAUNCHER
ADDED from src/main/AndroidManifest.xml:13:13-16:29
action#android.intent.action.MAIN
ADDED from src/main/AndroidManifest.xml:14:17-69
	android:name
		ADDED from src/main/AndroidManifest.xml:14:25-66
category#android.intent.category.LAUNCHER
ADDED from src/main/AndroidManifest.xml:15:17-77
	android:name
		ADDED from src/main/AndroidManifest.xml:15:27-74
activity#com.click.studios.furysky.GameMenu
ADDED from src/main/AndroidManifest.xml:18:9-27:20
	android:screenOrientation
		ADDED from src/main/AndroidManifest.xml:21:13-49
	android:label
		ADDED from src/main/AndroidManifest.xml:20:13-46
	android:name
		ADDED from src/main/AndroidManifest.xml:19:13-36
intent-filter#android.intent.category.DEFAULT+com.click.studios.furysky.GAME_MENU
ADDED from src/main/AndroidManifest.xml:23:13-26:29
action#com.click.studios.furysky.GAME_MENU
ADDED from src/main/AndroidManifest.xml:24:17-78
	android:name
		ADDED from src/main/AndroidManifest.xml:24:25-75
category#android.intent.category.DEFAULT
ADDED from src/main/AndroidManifest.xml:25:17-75
	android:name
		ADDED from src/main/AndroidManifest.xml:25:27-73
activity#com.click.studios.furysky.Help
ADDED from src/main/AndroidManifest.xml:28:9-37:20
	android:screenOrientation
		ADDED from src/main/AndroidManifest.xml:31:13-49
	android:label
		ADDED from src/main/AndroidManifest.xml:30:13-41
	android:name
		ADDED from src/main/AndroidManifest.xml:29:13-32
intent-filter#android.intent.category.DEFAULT+com.click.studios.furysky.HELP
ADDED from src/main/AndroidManifest.xml:33:13-36:29
action#com.click.studios.furysky.HELP
ADDED from src/main/AndroidManifest.xml:34:17-73
	android:name
		ADDED from src/main/AndroidManifest.xml:34:25-70
activity#com.click.studios.furysky.Setting
ADDED from src/main/AndroidManifest.xml:38:9-47:20
	android:screenOrientation
		ADDED from src/main/AndroidManifest.xml:41:13-49
	android:label
		ADDED from src/main/AndroidManifest.xml:40:13-44
	android:name
		ADDED from src/main/AndroidManifest.xml:39:13-35
intent-filter#android.intent.category.DEFAULT+com.click.studios.furysky.SETTING
ADDED from src/main/AndroidManifest.xml:43:13-46:29
action#com.click.studios.furysky.SETTING
ADDED from src/main/AndroidManifest.xml:44:17-76
	android:name
		ADDED from src/main/AndroidManifest.xml:44:25-73
activity#com.click.studios.furysky.game.GameActivity
ADDED from src/main/AndroidManifest.xml:49:9-58:20
	android:screenOrientation
		ADDED from src/main/AndroidManifest.xml:52:13-50
	android:label
		ADDED from src/main/AndroidManifest.xml:51:13-33
	android:name
		ADDED from src/main/AndroidManifest.xml:50:13-46
intent-filter#android.intent.category.DEFAULT+com.click.studios.furysky.game.GAME_ACTIVITY
ADDED from src/main/AndroidManifest.xml:54:13-57:29
action#com.click.studios.furysky.game.GAME_ACTIVITY
ADDED from src/main/AndroidManifest.xml:55:17-86
	android:name
		ADDED from src/main/AndroidManifest.xml:55:25-84
activity#com.click.studios.furysky.game.Ending
ADDED from src/main/AndroidManifest.xml:59:10-68:20
	android:screenOrientation
		ADDED from src/main/AndroidManifest.xml:62:13-50
	android:label
		ADDED from src/main/AndroidManifest.xml:61:13-35
	android:name
		ADDED from src/main/AndroidManifest.xml:60:13-40
intent-filter#android.intent.category.DEFAULT+com.click.studios.furysky.game.ENDING
ADDED from src/main/AndroidManifest.xml:64:13-67:29
action#com.click.studios.furysky.game.ENDING
ADDED from src/main/AndroidManifest.xml:65:17-79
	android:name
		ADDED from src/main/AndroidManifest.xml:65:25-77
activity#com.click.studios.furysky.game.GamePauseDialog
ADDED from src/main/AndroidManifest.xml:69:9-79:20
	android:screenOrientation
		ADDED from src/main/AndroidManifest.xml:72:13-50
	android:label
		ADDED from src/main/AndroidManifest.xml:71:13-35
	android:theme
		ADDED from src/main/AndroidManifest.xml:73:13-56
	android:name
		ADDED from src/main/AndroidManifest.xml:70:13-49
intent-filter#android.intent.category.DEFAULT+com.click.studios.furysky.game.GAME_PAUSE_DIALOG
ADDED from src/main/AndroidManifest.xml:75:13-78:29
action#com.click.studios.furysky.game.GAME_PAUSE_DIALOG
ADDED from src/main/AndroidManifest.xml:76:17-90
	android:name
		ADDED from src/main/AndroidManifest.xml:76:25-88